#! /usr/bin/vvp
:ivl_version "12.0 (stable)";
:ivl_delay_selection "TYPICAL";
:vpi_time_precision - 12;
:vpi_module "/usr/lib/x86_64-linux-gnu/ivl/system.vpi";
:vpi_module "/usr/lib/x86_64-linux-gnu/ivl/vhdl_sys.vpi";
:vpi_module "/usr/lib/x86_64-linux-gnu/ivl/vhdl_textio.vpi";
:vpi_module "/usr/lib/x86_64-linux-gnu/ivl/v2005_math.vpi";
:vpi_module "/usr/lib/x86_64-linux-gnu/ivl/va_math.vpi";
S_0x559d518c9490 .scope module, "BaudTest" "BaudTest" 2 3;
 .timescale -9 -12;
v0x559d5191d8c0_0 .net "baud_clk", 0 0, v0x559d51905600_0;  1 drivers
v0x559d5191d980_0 .var "baud_rate", 1 0;
v0x559d5191da50_0 .var "clk", 0 0;
v0x559d5191db50_0 .var/i "i", 31 0;
v0x559d5191dbf0_0 .var "rst_n", 0 0;
S_0x559d518c9620 .scope module, "DUT" "BaudGenR" 2 9, 3 3 0, S_0x559d518c9490;
 .timescale -9 -12;
    .port_info 0 /INPUT 1 "rst_n";
    .port_info 1 /INPUT 1 "clk";
    .port_info 2 /INPUT 2 "baud_rate";
    .port_info 3 /OUTPUT 1 "baud_clk";
P_0x559d518f3bd0 .param/l "BAUD192" 1 3 19, C4<11>;
P_0x559d518f3c10 .param/l "BAUD24" 1 3 16, C4<00>;
P_0x559d518f3c50 .param/l "BAUD48" 1 3 17, C4<01>;
P_0x559d518f3c90 .param/l "BAUD96" 1 3 18, C4<10>;
v0x559d51905600_0 .var "baud_clk", 0 0;
v0x559d5191d3c0_0 .net "baud_rate", 1 0, v0x559d5191d980_0;  1 drivers
v0x559d5191d4a0_0 .net "clk", 0 0, v0x559d5191da50_0;  1 drivers
v0x559d5191d570_0 .var "clk_ticks", 9 0;
v0x559d5191d650_0 .var "final_value", 9 0;
v0x559d5191d780_0 .net "rst_n", 0 0, v0x559d5191dbf0_0;  1 drivers
E_0x559d51906ce0/0 .event negedge, v0x559d5191d780_0;
E_0x559d51906ce0/1 .event posedge, v0x559d5191d4a0_0;
E_0x559d51906ce0 .event/or E_0x559d51906ce0/0, E_0x559d51906ce0/1;
E_0x559d51906970 .event anyedge, v0x559d5191d3c0_0;
    .scope S_0x559d518c9620;
T_0 ;
    %wait E_0x559d51906970;
    %load/vec4 v0x559d5191d3c0_0;
    %dup/vec4;
    %pushi/vec4 0, 0, 2;
    %cmp/u;
    %jmp/1 T_0.0, 6;
    %dup/vec4;
    %pushi/vec4 1, 0, 2;
    %cmp/u;
    %jmp/1 T_0.1, 6;
    %dup/vec4;
    %pushi/vec4 2, 0, 2;
    %cmp/u;
    %jmp/1 T_0.2, 6;
    %dup/vec4;
    %pushi/vec4 3, 0, 2;
    %cmp/u;
    %jmp/1 T_0.3, 6;
    %pushi/vec4 163, 0, 10;
    %store/vec4 v0x559d5191d650_0, 0, 10;
    %jmp T_0.5;
T_0.0 ;
    %pushi/vec4 651, 0, 10;
    %store/vec4 v0x559d5191d650_0, 0, 10;
    %jmp T_0.5;
T_0.1 ;
    %pushi/vec4 326, 0, 10;
    %store/vec4 v0x559d5191d650_0, 0, 10;
    %jmp T_0.5;
T_0.2 ;
    %pushi/vec4 163, 0, 10;
    %store/vec4 v0x559d5191d650_0, 0, 10;
    %jmp T_0.5;
T_0.3 ;
    %pushi/vec4 81, 0, 10;
    %store/vec4 v0x559d5191d650_0, 0, 10;
    %jmp T_0.5;
T_0.5 ;
    %pop/vec4 1;
    %jmp T_0;
    .thread T_0, $push;
    .scope S_0x559d518c9620;
T_1 ;
    %wait E_0x559d51906ce0;
    %load/vec4 v0x559d5191d780_0;
    %nor/r;
    %flag_set/vec4 8;
    %jmp/0xz  T_1.0, 8;
    %pushi/vec4 0, 0, 10;
    %assign/vec4 v0x559d5191d570_0, 0;
    %pushi/vec4 0, 0, 1;
    %assign/vec4 v0x559d51905600_0, 0;
    %jmp T_1.1;
T_1.0 ;
    %load/vec4 v0x559d5191d570_0;
    %load/vec4 v0x559d5191d650_0;
    %cmp/e;
    %jmp/0xz  T_1.2, 4;
    %load/vec4 v0x559d51905600_0;
    %inv;
    %assign/vec4 v0x559d51905600_0, 0;
    %pushi/vec4 0, 0, 10;
    %assign/vec4 v0x559d5191d570_0, 0;
    %jmp T_1.3;
T_1.2 ;
    %load/vec4 v0x559d5191d570_0;
    %addi 1, 0, 10;
    %assign/vec4 v0x559d5191d570_0, 0;
    %load/vec4 v0x559d51905600_0;
    %assign/vec4 v0x559d51905600_0, 0;
T_1.3 ;
T_1.1 ;
    %jmp T_1;
    .thread T_1;
    .scope S_0x559d518c9490;
T_2 ;
    %pushi/vec4 0, 0, 1;
    %store/vec4 v0x559d5191da50_0, 0, 1;
T_2.0 ;
    %delay 10000, 0;
    %load/vec4 v0x559d5191da50_0;
    %inv;
    %store/vec4 v0x559d5191da50_0, 0, 1;
    %jmp T_2.0;
    %end;
    .thread T_2;
    .scope S_0x559d518c9490;
T_3 ;
    %vpi_call 2 24 "$dumpfile", "BautGen.vcd" {0 0 0};
    %vpi_call 2 25 "$dumpvars", 32'sb00000000000000000000000000000000, S_0x559d518c9490 {0 0 0};
    %end;
    .thread T_3;
    .scope S_0x559d518c9490;
T_4 ;
    %vpi_call 2 30 "$monitor", "t = %2d, rst_n = %b, clk = %b, baud_rate = %2b, baud_clk = %b", $time, v0x559d5191dbf0_0, v0x559d5191da50_0, v0x559d5191d980_0, v0x559d5191d8c0_0 {0 0 0};
    %pushi/vec4 0, 0, 32;
    %store/vec4 v0x559d5191db50_0, 0, 32;
T_4.0 ;
    %load/vec4 v0x559d5191db50_0;
    %cmpi/s 4, 0, 32;
    %flag_or 5, 4;
    %jmp/0xz T_4.1, 5;
    %load/vec4 v0x559d5191db50_0;
    %pad/s 2;
    %store/vec4 v0x559d5191d980_0, 0, 2;
    %pushi/vec4 300000, 0, 32;
    %load/vec4 v0x559d5191db50_0;
    %addi 1, 0, 32;
    %div/s;
    %pad/s 64;
    %muli 1000, 0, 64;
    %ix/vec4 4;
    %delayx 4;
    %load/vec4 v0x559d5191db50_0;
    %addi 1, 0, 32;
    %store/vec4 v0x559d5191db50_0, 0, 32;
    %jmp T_4.0;
T_4.1 ;
    %end;
    .thread T_4;
    .scope S_0x559d518c9490;
T_5 ;
    %pushi/vec4 0, 0, 1;
    %store/vec4 v0x559d5191dbf0_0, 0, 1;
    %delay 100000, 0;
    %pushi/vec4 1, 0, 1;
    %store/vec4 v0x559d5191dbf0_0, 0, 1;
    %end;
    .thread T_5;
# The file index is used to find the file name in the following table.
:file_names 4;
    "N/A";
    "<interactive>";
    "BaudTest.v";
    "BaudGenR.v";
